<?xml version="1.0" encoding="UTF-8"?>
<!-- Generated by org.testng.reporters.JUnitXMLReporter -->
<testsuite hostname="IT-99" ignored="0" name="Test" tests="3" failures="0" timestamp="2021-09-06T17:58:19 IST" time="9.365" errors="0">
  <testcase name="getUserList" time="3.458" classname="org.gorest.api.tests.GetUserListTest"/>
  <testcase name="createNewUser" time="3.766" classname="org.gorest.api.tests.CreateNewUserTest"/>
  <testcase name="deleteuser" time="1.968" classname="org.gorest.api.tests.DeleteUserTest"/>
</testsuite> <!-- Test -->
