<?xml version="1.0" encoding="UTF-8"?>
<testsuite xmlns:xsi="http://www.w3.org/2001/XMLSchema-instance" xsi:noNamespaceSchemaLocation="https://maven.apache.org/surefire/maven-surefire-plugin/xsd/surefire-test-report-3.0.xsd" version="3.0" name="TestSuite" time="11.334" tests="3" errors="0" skipped="0" failures="0">
  <properties>
[...]
</properties>
  <testcase name="getUserList" classname="org.gorest.api.tests.GetUserListTest" time="3.587">
    <system-out><![CDATA[HTTP/1.1 200 OK
Server: nginx
Date: Mon, 06 Sep 2021 12:28:14 GMT
Content-Type: application/json; charset=utf-8
Transfer-Encoding: chunked
Connection: keep-alive
Vary: Accept-Encoding
X-Frame-Options: SAMEORIGIN
X-XSS-Protection: 1; mode=block
X-Content-Type-Options: nosniff
X-Download-Options: noopen
X-Permitted-Cross-Domain-Policies: none
Referrer-Policy: strict-origin-when-cross-origin
ETag: W/"1ab288f96a8b0d27f7441820b6fbd5c3"
Cache-Control: max-age=0, private, must-revalidate
X-Request-Id: 3d744f4c-9e75-4e45-bd3d-d5ef68adea13
X-Runtime: 0.013020
Strict-Transport-Security: max-age=63072000; includeSubDomains
Vary: Origin
Content-Encoding: gzip

{
    "meta": {
        "pagination": {
            "total": 1511,
            "pages": 76,
            "page": 1,
            "limit": 20,
            "links": {
                "previous": null,
                "current": "https://gorest.co.in/public/v1/users?page=1",
                "next": "https://gorest.co.in/public/v1/users?page=2"
            }
        }
    },
    "data": [
        {
            "id": 36,
            "name": "Rageswari Embranthiri",
            "email": "rageswari_embranthiri@larson-renner.net",
            "gender": "female",
            "status": "active"
        },
        {
            "id": 37,
            "name": "Chakravarti Guneta",
            "email": "guneta_chakravarti@satterfield.info",
            "gender": "female",
            "status": "active"
        },
        {
            "id": 38,
            "name": "Kartik Pilla",
            "email": "pilla_kartik@leuschke.io",
            "gender": "female",
            "status": "active"
        },
        {
            "id": 41,
            "name": "Ghanaanand Mishra MD",
            "email": "ghanaanand_mishra_md@grant-grimes.biz",
            "gender": "female",
            "status": "inactive"
        },
        {
            "id": 48,
            "name": "Jagadish Jain",
            "email": "jagadish_jain@bernhard.com",
            "gender": "male",
            "status": "inactive"
        },
        {
            "id": 49,
            "name": "Rev. Deeptendu Mishra",
            "email": "deeptendu_rev_mishra@kling.biz",
            "gender": "female",
            "status": "inactive"
        },
        {
            "id": 50,
            "name": "Geetanjali Banerjee",
            "email": "geetanjali_banerjee@friesen.io",
            "gender": "female",
            "status": "active"
        },
        {
            "id": 51,
            "name": "Acharyasuta Sethi",
            "email": "sethi_acharyasuta@green-pouros.info",
            "gender": "female",
            "status": "active"
        },
        {
            "id": 52,
            "name": "Atmaja Guha JD",
            "email": "atmaja_jd_guha@hyatt-mitchell.org",
            "gender": "male",
            "status": "active"
        },
        {
            "id": 54,
            "name": "Jitendra Bharadwaj",
            "email": "bharadwaj_jitendra@daugherty-wiza.com",
            "gender": "female",
            "status": "active"
        },
        {
            "id": 55,
            "name": "The Hon. Anwesha Pilla",
            "email": "hon_pilla_the_anwesha@hyatt.name",
            "gender": "male",
            "status": "inactive"
        },
        {
            "id": 56,
            "name": "Aishani Pandey",
            "email": "pandey_aishani@denesik.co",
            "gender": "male",
            "status": "inactive"
        },
        {
            "id": 57,
            "name": "Brajesh Saini",
            "email": "brajesh_saini@wisoky-reynolds.org",
            "gender": "male",
            "status": "active"
        },
        {
            "id": 58,
            "name": "Swapnil Ahuja II",
            "email": "ahuja_swapnil_ii@erdman.info",
            "gender": "female",
            "status": "inactive"
        },
        {
            "id": 59,
            "name": "Chandraayan Chattopadhyay",
            "email": "chandraayan_chattopadhyay@hoppe-lemke.biz",
            "gender": "female",
            "status": "inactive"
        },
        {
            "id": 62,
            "name": "Chanda Gowda",
            "email": "gowda_chanda@torp.io",
            "gender": "male",
            "status": "inactive"
        },
        {
            "id": 63,
            "name": "Fr. Himadri Nehru",
            "email": "himadri_fr_nehru@kuhn-bergstrom.info",
            "gender": "female",
            "status": "active"
        },
        {
            "id": 64,
            "name": "Vyas Abbott",
            "email": "vyas_abbott@kuhlman-stehr.co",
            "gender": "male",
            "status": "inactive"
        },
        {
            "id": 65,
            "name": "Mr. Chakor Pillai",
            "email": "pillai_mr_chakor@farrell.co",
            "gender": "female",
            "status": "active"
        },
        {
            "id": 67,
            "name": "Suryakantam Achari PhD",
            "email": "achari_phd_suryakantam@ratke.name",
            "gender": "male",
            "status": "inactive"
        }
    ]
}
Rageswari Embranthiri
Chakravarti Guneta
Kartik Pilla
Ghanaanand Mishra MD
Jagadish Jain
Rev. Deeptendu Mishra
Geetanjali Banerjee
Acharyasuta Sethi
Atmaja Guha JD
Jitendra Bharadwaj
The Hon. Anwesha Pilla
Aishani Pandey
Brajesh Saini
Swapnil Ahuja II
Chandraayan Chattopadhyay
Chanda Gowda
Fr. Himadri Nehru
Vyas Abbott
Mr. Chakor Pillai
Suryakantam Achari PhD
]]></system-out>
    <system-err><![CDATA[log4j:WARN No appenders could be found for logger (org.apache.http.impl.conn.BasicClientConnectionManager).
log4j:WARN Please initialize the log4j system properly.
]]></system-err>
  </testcase>
  <testcase name="createNewUser" classname="org.gorest.api.tests.CreateNewUserTest" time="3.822">
    <system-out><![CDATA[Body:
{
    "name": "SJFJV",
    "gender": "Male",
    "email": "FDFD@GMAIL.COM",
    "status": "active"
}
{
    "meta": null,
    "data": {
        "id": 1653,
        "name": "SJFJV",
        "email": "FDFD@GMAIL.COM",
        "gender": "male",
        "status": "active"
    }
}
Body:
{
    "name": "FVFVF",
    "gender": "Male",
    "email": "sFBBFB@gmail.com",
    "status": "active"
}
{
    "meta": null,
    "data": {
        "id": 1654,
        "name": "FVFVF",
        "email": "sFBBFB@gmail.com",
        "gender": "male",
        "status": "active"
    }
}
Body:
{
    "name": "BFBFB",
    "gender": "Male",
    "email": "shrikuVFVFVF@gmail.com",
    "status": "active"
}
{
    "meta": null,
    "data": {
        "id": 1655,
        "name": "BFBFB",
        "email": "shrikuVFVFVF@gmail.com",
        "gender": "male",
        "status": "active"
    }
}
Body:
{
    "name": " FBFDBFBFD",
    "gender": "Female",
    "email": "BFBFBFB@gmail.com",
    "status": "active"
}
{
    "meta": null,
    "data": {
        "id": 1656,
        "name": " FBFDBFBFD",
        "email": "BFBFBFB@gmail.com",
        "gender": "female",
        "status": "active"
    }
}
Body:
{
    "name": "QWERT",
    "gender": "Female",
    "email": "VFVFVFV12@gmail.com",
    "status": "active"
}
{
    "meta": null,
    "data": {
        "id": 1657,
        "name": "QWERT",
        "email": "VFVFVFV12@gmail.com",
        "gender": "female",
        "status": "active"
    }
}
Body:
{
    "name": "VFVGHG",
    "gender": "Female",
    "email": "xyz778898@gmail.com",
    "status": "active"
}
{
    "meta": null,
    "data": {
        "id": 1658,
        "name": "VFVGHG",
        "email": "xyz778898@gmail.com",
        "gender": "female",
        "status": "active"
    }
}
Body:
{
    "name": "VVFFF",
    "gender": "Female",
    "email": "ERT@gmail.com",
    "status": "active"
}
{
    "meta": null,
    "data": {
        "id": 1659,
        "name": "VVFFF",
        "email": "ERT@gmail.com",
        "gender": "female",
        "status": "active"
    }
}
]]></system-out>
  </testcase>
  <testcase name="deleteuser" classname="org.gorest.api.tests.DeleteUserTest" time="1.968">
    <system-out><![CDATA[HTTP/1.1 204 No Content
Server: nginx
Date: Mon, 06 Sep 2021 12:28:19 GMT
Connection: keep-alive
X-Frame-Options: SAMEORIGIN
X-XSS-Protection: 1; mode=block
X-Content-Type-Options: nosniff
X-Download-Options: noopen
X-Permitted-Cross-Domain-Policies: none
Referrer-Policy: strict-origin-when-cross-origin
Cache-Control: no-cache
X-Request-Id: 998e2f50-0282-47de-b1d5-b800d353a2bb
X-Runtime: 0.012709
Strict-Transport-Security: max-age=63072000; includeSubDomains
Vary: Origin
1653 Deleted Succesdully
HTTP/1.1 204 No Content
Server: nginx
Date: Mon, 06 Sep 2021 12:28:20 GMT
Connection: keep-alive
X-Frame-Options: SAMEORIGIN
X-XSS-Protection: 1; mode=block
X-Content-Type-Options: nosniff
X-Download-Options: noopen
X-Permitted-Cross-Domain-Policies: none
Referrer-Policy: strict-origin-when-cross-origin
Cache-Control: no-cache
X-Request-Id: 2822ef72-2078-4d7b-9ecc-50234716aeea
X-Runtime: 0.014370
Strict-Transport-Security: max-age=63072000; includeSubDomains
Vary: Origin
1654 Deleted Succesdully
HTTP/1.1 204 No Content
Server: nginx
Date: Mon, 06 Sep 2021 12:28:20 GMT
Connection: keep-alive
X-Frame-Options: SAMEORIGIN
X-XSS-Protection: 1; mode=block
X-Content-Type-Options: nosniff
X-Download-Options: noopen
X-Permitted-Cross-Domain-Policies: none
Referrer-Policy: strict-origin-when-cross-origin
Cache-Control: no-cache
X-Request-Id: 7649fdd9-94ca-4822-acde-64cb5cae356a
X-Runtime: 0.012497
Strict-Transport-Security: max-age=63072000; includeSubDomains
Vary: Origin
1655 Deleted Succesdully
HTTP/1.1 204 No Content
Server: nginx
Date: Mon, 06 Sep 2021 12:28:20 GMT
Connection: keep-alive
X-Frame-Options: SAMEORIGIN
X-XSS-Protection: 1; mode=block
X-Content-Type-Options: nosniff
X-Download-Options: noopen
X-Permitted-Cross-Domain-Policies: none
Referrer-Policy: strict-origin-when-cross-origin
Cache-Control: no-cache
X-Request-Id: 30237892-275c-45dd-8de0-a848487c31c0
X-Runtime: 0.011754
Strict-Transport-Security: max-age=63072000; includeSubDomains
Vary: Origin
1656 Deleted Succesdully
HTTP/1.1 204 No Content
Server: nginx
Date: Mon, 06 Sep 2021 12:28:21 GMT
Connection: keep-alive
X-Frame-Options: SAMEORIGIN
X-XSS-Protection: 1; mode=block
X-Content-Type-Options: nosniff
X-Download-Options: noopen
X-Permitted-Cross-Domain-Policies: none
Referrer-Policy: strict-origin-when-cross-origin
Cache-Control: no-cache
X-Request-Id: 7f182b20-62fa-4b57-855c-54f098447030
X-Runtime: 0.012932
Strict-Transport-Security: max-age=63072000; includeSubDomains
Vary: Origin
1657 Deleted Succesdully
HTTP/1.1 204 No Content
Server: nginx
Date: Mon, 06 Sep 2021 12:28:21 GMT
Connection: keep-alive
X-Frame-Options: SAMEORIGIN
X-XSS-Protection: 1; mode=block
X-Content-Type-Options: nosniff
X-Download-Options: noopen
X-Permitted-Cross-Domain-Policies: none
Referrer-Policy: strict-origin-when-cross-origin
Cache-Control: no-cache
X-Request-Id: e61eaa06-c921-4c06-8212-a6ce30ef9a94
X-Runtime: 0.011985
Strict-Transport-Security: max-age=63072000; includeSubDomains
Vary: Origin
1658 Deleted Succesdully
HTTP/1.1 204 No Content
Server: nginx
Date: Mon, 06 Sep 2021 12:28:21 GMT
Connection: keep-alive
X-Frame-Options: SAMEORIGIN
X-XSS-Protection: 1; mode=block
X-Content-Type-Options: nosniff
X-Download-Options: noopen
X-Permitted-Cross-Domain-Policies: none
Referrer-Policy: strict-origin-when-cross-origin
Cache-Control: no-cache
X-Request-Id: 9ac1d9a0-45cb-469f-905c-a1f0ad52c144
X-Runtime: 0.014213
Strict-Transport-Security: max-age=63072000; includeSubDomains
Vary: Origin
1659 Deleted Succesdully
]]></system-out>
  </testcase>
</testsuite>