<?xml version="1.0" encoding="UTF-8"?>
<testng-results ignored="0" total="1" passed="1" failed="0" skipped="0">
  <reporter-output>
  </reporter-output>
  <suite started-at="2021-09-06T12:12:20 IST" name="Default suite" finished-at="2021-09-06T12:12:26 IST" duration-ms="6044">
    <groups>
    </groups>
    <test started-at="2021-09-06T12:12:20 IST" name="Default test" finished-at="2021-09-06T12:12:26 IST" duration-ms="6044">
      <class name="org.gorest.api.tests.CreateNewUserTest">
        <test-method signature="createNewUser()[pri:0, instance:org.gorest.api.tests.CreateNewUserTest@1477089c]" started-at="2021-09-06T12:12:20 IST" name="createNewUser" finished-at="2021-09-06T12:12:26 IST" duration-ms="6010" status="PASS">
          <reporter-output>
          </reporter-output>
        </test-method> <!-- createNewUser -->
      </class> <!-- org.gorest.api.tests.CreateNewUserTest -->
    </test> <!-- Default test -->
  </suite> <!-- Default suite -->
</testng-results>
